Release 14.5 - xst P.58f (nt)
Copyright (c) 1995-2012 Xilinx, Inc.  All rights reserved.
--> Parameter TMPDIR set to xst/projnav.tmp


Total REAL time to Xst completion: 0.00 secs
Total CPU time to Xst completion: 0.11 secs
 
--> Parameter xsthdpdir set to xst


Total REAL time to Xst completion: 0.00 secs
Total CPU time to Xst completion: 0.11 secs
 
--> Reading design: ALU.prj

TABLE OF CONTENTS
  1) Synthesis Options Summary
  2) HDL Parsing
  3) HDL Elaboration
  4) HDL Synthesis
       4.1) HDL Synthesis Report
  5) Advanced HDL Synthesis
       5.1) Advanced HDL Synthesis Report
  6) Low Level Synthesis
  7) Partition Report
  8) Design Summary
       8.1) Primitive and Black Box Usage
       8.2) Device utilization summary
       8.3) Partition Resource Summary
       8.4) Timing Report
            8.4.1) Clock Information
            8.4.2) Asynchronous Control Signals Information
            8.4.3) Timing Summary
            8.4.4) Timing Details
            8.4.5) Cross Clock Domains Report


=========================================================================
*                      Synthesis Options Summary                        *
=========================================================================
---- Source Parameters
Input File Name                    : "ALU.prj"
Ignore Synthesis Constraint File   : NO

---- Target Parameters
Output File Name                   : "ALU"
Output Format                      : NGC
Target Device                      : xc7a100t-3-csg324

---- Source Options
Top Module Name                    : ALU
Automatic FSM Extraction           : YES
FSM Encoding Algorithm             : Auto
Safe Implementation                : No
FSM Style                          : LUT
RAM Extraction                     : Yes
RAM Style                          : Auto
ROM Extraction                     : Yes
Shift Register Extraction          : YES
ROM Style                          : Auto
Resource Sharing                   : YES
Asynchronous To Synchronous        : NO
Shift Register Minimum Size        : 2
Use DSP Block                      : Auto
Automatic Register Balancing       : No

---- Target Options
LUT Combining                      : Auto
Reduce Control Sets                : Auto
Add IO Buffers                     : YES
Global Maximum Fanout              : 100000
Add Generic Clock Buffer(BUFG)     : 32
Register Duplication               : YES
Optimize Instantiated Primitives   : NO
Use Clock Enable                   : Auto
Use Synchronous Set                : Auto
Use Synchronous Reset              : Auto
Pack IO Registers into IOBs        : Auto
Equivalent register Removal        : YES

---- General Options
Optimization Goal                  : Speed
Optimization Effort                : 1
Power Reduction                    : NO
Keep Hierarchy                     : No
Netlist Hierarchy                  : As_Optimized
RTL Output                         : Yes
Global Optimization                : AllClockNets
Read Cores                         : YES
Write Timing Constraints           : NO
Cross Clock Analysis               : NO
Hierarchy Separator                : /
Bus Delimiter                      : <>
Case Specifier                     : Maintain
Slice Utilization Ratio            : 100
BRAM Utilization Ratio             : 100
DSP48 Utilization Ratio            : 100
Auto BRAM Packing                  : NO
Slice Utilization Ratio Delta      : 5

=========================================================================


=========================================================================
*                          HDL Parsing                                  *
=========================================================================
Parsing VHDL file "E:\archiProject\MLS1ALU\or.vhd" into library work
Parsing entity <or_gate>.
Parsing architecture <Behavioral> of entity <or_gate>.
Parsing VHDL file "E:\archiProject\MLS1ALU\MyPackage.vhd" into library work
Parsing package <MyPackage>.
Parsing package body <MyPackage>.
Parsing VHDL file "E:\archiProject\MLS1ALU\MUX_OP_CHOICE.vhd" into library work
Parsing entity <MUX_OP_CHOICE>.
Parsing architecture <Behavioral> of entity <mux_op_choice>.
Parsing VHDL file "E:\archiProject\MLS1ALU\MUXTWOBIT.vhd" into library work
Parsing entity <MUXONEBIT>.
Parsing architecture <Behavioral> of entity <muxonebit>.
Parsing VHDL file "E:\archiProject\MLS1ALU\invert_A.vhd" into library work
Parsing entity <invert_A>.
Parsing architecture <Behavioral> of entity <invert_a>.
Parsing VHDL file "E:\archiProject\MLS1ALU\and.vhd" into library work
Parsing entity <and_gate>.
Parsing architecture <Behavioral> of entity <and_gate>.
Parsing VHDL file "E:\archiProject\MLS1ALU\adder.vhd" into library work
Parsing entity <adder>.
Parsing architecture <Behavioral> of entity <adder>.
Parsing VHDL file "E:\archiProject\MLS1ALU\TinyALU.vhd" into library work
Parsing entity <TinyALU>.
Parsing architecture <Behavioral> of entity <tinyalu>.
WARNING:HDLCompiler:946 - "E:\archiProject\MLS1ALU\TinyALU.vhd" Line 52: Actual for formal port i1 is neither a static name nor a globally static expression
WARNING:HDLCompiler:946 - "E:\archiProject\MLS1ALU\TinyALU.vhd" Line 54: Actual for formal port i1 is neither a static name nor a globally static expression
Parsing VHDL file "E:\archiProject\MLS1ALU\ALU.vhd" into library work
Parsing entity <ALU>.
Parsing architecture <Behavioral> of entity <alu>.

=========================================================================
*                            HDL Elaboration                            *
=========================================================================

Elaborating entity <ALU> (architecture <Behavioral>) from library <work>.

Elaborating entity <TinyALU> (architecture <Behavioral>) from library <work>.

Elaborating entity <invert_A> (architecture <Behavioral>) from library <work>.

Elaborating entity <MUXONEBIT> (architecture <Behavioral>) from library <work>.

Elaborating entity <and_gate> (architecture <Behavioral>) from library <work>.

Elaborating entity <or_gate> (architecture <Behavioral>) from library <work>.

Elaborating entity <adder> (architecture <Behavioral>) from library <work>.

Elaborating entity <MUX_OP_CHOICE> (architecture <Behavioral>) from library <work>.

=========================================================================
*                           HDL Synthesis                               *
=========================================================================

Synthesizing Unit <ALU>.
    Related source file is "E:\archiProject\MLS1ALU\ALU.vhd".
    Summary:
Unit <ALU> synthesized.

Synthesizing Unit <TinyALU>.
    Related source file is "E:\archiProject\MLS1ALU\TinyALU.vhd".
    Summary:
	no macro.
Unit <TinyALU> synthesized.

Synthesizing Unit <invert_A>.
    Related source file is "E:\archiProject\MLS1ALU\invert_A.vhd".
    Summary:
	inferred   1 Multiplexer(s).
Unit <invert_A> synthesized.

Synthesizing Unit <MUXONEBIT>.
    Related source file is "E:\archiProject\MLS1ALU\MUXTWOBIT.vhd".
    Summary:
	inferred   1 Multiplexer(s).
Unit <MUXONEBIT> synthesized.

Synthesizing Unit <and_gate>.
    Related source file is "E:\archiProject\MLS1ALU\and.vhd".
    Summary:
	no macro.
Unit <and_gate> synthesized.

Synthesizing Unit <or_gate>.
    Related source file is "E:\archiProject\MLS1ALU\or.vhd".
    Summary:
	no macro.
Unit <or_gate> synthesized.

Synthesizing Unit <adder>.
    Related source file is "E:\archiProject\MLS1ALU\adder.vhd".
    Found 2-bit adder for signal <n0012> created at line 47.
    Found 2-bit adder for signal <Temp> created at line 47.
    Summary:
	inferred   2 Adder/Subtractor(s).
Unit <adder> synthesized.

Synthesizing Unit <MUX_OP_CHOICE>.
    Related source file is "E:\archiProject\MLS1ALU\MUX_OP_CHOICE.vhd".
    Found 1-bit 4-to-1 multiplexer for signal <O> created at line 40.
    Summary:
	inferred   1 Multiplexer(s).
Unit <MUX_OP_CHOICE> synthesized.

=========================================================================
HDL Synthesis Report

Macro Statistics
# Adders/Subtractors                                   : 64
 2-bit adder                                           : 64
# Multiplexers                                         : 96
 1-bit 2-to-1 multiplexer                              : 64
 1-bit 4-to-1 multiplexer                              : 32
# Xors                                                 : 1
 1-bit xor2                                            : 1

=========================================================================

=========================================================================
*                       Advanced HDL Synthesis                          *
=========================================================================


=========================================================================
Advanced HDL Synthesis Report

Macro Statistics
# Adders/Subtractors                                   : 32
 2-bit adder carry in                                  : 32
# Multiplexers                                         : 64
 1-bit 2-to-1 multiplexer                              : 32
 1-bit 4-to-1 multiplexer                              : 32
# Xors                                                 : 1
 1-bit xor2                                            : 1

=========================================================================

=========================================================================
*                         Low Level Synthesis                           *
=========================================================================

Optimizing unit <ALU> ...

Mapping all equations...
Building and optimizing final netlist ...
Found area constraint ratio of 100 (+ 5) on block ALU, actual ratio is 0.

Final Macro Processing ...

=========================================================================
Final Register Report

Found no macro
=========================================================================

=========================================================================
*                           Partition Report                            *
=========================================================================

Partition Implementation Status
-------------------------------

  No Partitions were found in this design.

-------------------------------

=========================================================================
*                            Design Summary                             *
=========================================================================

Top Level Output File Name         : ALU.ngc

Primitive and Black Box Usage:
------------------------------
# BELS                             : 122
#      LUT2                        : 2
#      LUT3                        : 31
#      LUT4                        : 1
#      LUT5                        : 35
#      LUT6                        : 52
#      MUXF7                       : 1
# IO Buffers                       : 104
#      IBUF                        : 69
#      OBUF                        : 35

Device utilization summary:
---------------------------

Selected Device : 7a100tcsg324-3 


Slice Logic Utilization: 
 Number of Slice LUTs:                  121  out of  63400     0%  
    Number used as Logic:               121  out of  63400     0%  

Slice Logic Distribution: 
 Number of LUT Flip Flop pairs used:    121
   Number with an unused Flip Flop:     121  out of    121   100%  
   Number with an unused LUT:             0  out of    121     0%  
   Number of fully used LUT-FF pairs:     0  out of    121     0%  
   Number of unique control sets:         0

IO Utilization: 
 Number of IOs:                         104
 Number of bonded IOBs:                 104  out of    210    49%  

Specific Feature Utilization:

---------------------------
Partition Resource Summary:
---------------------------

  No Partitions were found in this design.

---------------------------


=========================================================================
Timing Report

NOTE: THESE TIMING NUMBERS ARE ONLY A SYNTHESIS ESTIMATE.
      FOR ACCURATE TIMING INFORMATION PLEASE REFER TO THE TRACE REPORT
      GENERATED AFTER PLACE-and-ROUTE.

Clock Information:
------------------
No clock signals found in this design

Asynchronous Control Signals Information:
----------------------------------------
No asynchronous control signals found in this design

Timing Summary:
---------------
Speed Grade: -3

   Minimum period: No path found
   Minimum input arrival time before clock: No path found
   Maximum output required time after clock: No path found
   Maximum combinational path delay: 7.990ns

Timing Details:
---------------
All values displayed in nanoseconds (ns)

=========================================================================
Timing constraint: Default path analysis
  Total number of paths / destination ports: 3424 / 35
-------------------------------------------------------------------------
Delay:               7.990ns (Levels of Logic = 19)
  Source:            data1<1> (PAD)
  Destination:       zflag (PAD)

  Data Path: data1<1> to zflag
                                Gate     Net
    Cell:in->out      fanout   Delay   Delay  Logical Name (Net Name)
    ----------------------------------------  ------------
     IBUF:I->O             3   0.001   0.703  data1_1_IBUF (data1_1_IBUF)
     LUT6:I0->O            3   0.097   0.305  L[1].ALU/adders/Madd_Temp_Madd_cy<0>11 (L[1].ALU/adders/Madd_Temp_Madd_cy<0>)
     LUT6:I5->O            3   0.097   0.305  L[3].ALU/adders/Madd_Temp_Madd_cy<0>11 (L[3].ALU/adders/Madd_Temp_Madd_cy<0>)
     LUT6:I5->O            3   0.097   0.305  L[5].ALU/adders/Madd_Temp_Madd_cy<0>11 (L[5].ALU/adders/Madd_Temp_Madd_cy<0>)
     LUT6:I5->O            3   0.097   0.305  L[7].ALU/adders/Madd_Temp_Madd_cy<0>11 (L[7].ALU/adders/Madd_Temp_Madd_cy<0>)
     LUT6:I5->O            3   0.097   0.305  L[9].ALU/adders/Madd_Temp_Madd_cy<0>11 (L[9].ALU/adders/Madd_Temp_Madd_cy<0>)
     LUT6:I5->O            3   0.097   0.305  L[11].ALU/adders/Madd_Temp_Madd_cy<0>11 (L[11].ALU/adders/Madd_Temp_Madd_cy<0>)
     LUT6:I5->O            3   0.097   0.305  L[13].ALU/adders/Madd_Temp_Madd_cy<0>11 (L[13].ALU/adders/Madd_Temp_Madd_cy<0>)
     LUT6:I5->O            3   0.097   0.305  L[15].ALU/adders/Madd_Temp_Madd_cy<0>11 (L[15].ALU/adders/Madd_Temp_Madd_cy<0>)
     LUT6:I5->O            3   0.097   0.305  L[17].ALU/adders/Madd_Temp_Madd_cy<0>11 (L[17].ALU/adders/Madd_Temp_Madd_cy<0>)
     LUT6:I5->O            3   0.097   0.305  L[19].ALU/adders/Madd_Temp_Madd_cy<0>11 (L[19].ALU/adders/Madd_Temp_Madd_cy<0>)
     LUT6:I5->O            3   0.097   0.305  L[21].ALU/adders/Madd_Temp_Madd_cy<0>11 (L[21].ALU/adders/Madd_Temp_Madd_cy<0>)
     LUT6:I5->O            3   0.097   0.305  L[23].ALU/adders/Madd_Temp_Madd_cy<0>11 (L[23].ALU/adders/Madd_Temp_Madd_cy<0>)
     LUT6:I5->O            3   0.097   0.305  L[25].ALU/adders/Madd_Temp_Madd_cy<0>11 (L[25].ALU/adders/Madd_Temp_Madd_cy<0>)
     LUT6:I5->O            3   0.097   0.305  L[27].ALU/adders/Madd_Temp_Madd_cy<0>11 (L[27].ALU/adders/Madd_Temp_Madd_cy<0>)
     LUT6:I5->O            4   0.097   0.525  L[29].ALU/adders/Madd_Temp_Madd_cy<0>11 (L[29].ALU/adders/Madd_Temp_Madd_cy<0>)
     LUT5:I2->O            2   0.097   0.561  L[30].ALU/BIGMUX/Mmux_O1 (dataout_30_OBUF)
     LUT4:I0->O            1   0.097   0.279  zflag<31>7 (zflag_OBUF)
     OBUF:I->O                 0.000          zflag_OBUF (zflag)
    ----------------------------------------
    Total                      7.990ns (1.650ns logic, 6.340ns route)
                                       (20.7% logic, 79.3% route)

=========================================================================

Cross Clock Domains Report:
--------------------------

=========================================================================


Total REAL time to Xst completion: 10.00 secs
Total CPU time to Xst completion: 9.45 secs
 
--> 

Total memory usage is 312076 kilobytes

Number of errors   :    0 (   0 filtered)
Number of warnings :    2 (   0 filtered)
Number of infos    :    0 (   0 filtered)

